{"/home/justin/tic-tac-toe/domain/Board.js": {"path":"/home/justin/tic-tac-toe/domain/Board.js","statementMap":{"0":{"start":{"line":1,"column":18},"end":{"line":1,"column":19}},"1":{"start":{"line":5,"column":4},"end":{"line":5,"column":21}},"2":{"start":{"line":6,"column":4},"end":{"line":8,"column":5}},"3":{"start":{"line":6,"column":17},"end":{"line":6,"column":18}},"4":{"start":{"line":7,"column":6},"end":{"line":7,"column":29}},"5":{"start":{"line":12,"column":4},"end":{"line":12,"column":23}},"6":{"start":{"line":19,"column":4},"end":{"line":21,"column":5}},"7":{"start":{"line":20,"column":6},"end":{"line":20,"column":52}},"8":{"start":{"line":22,"column":4},"end":{"line":24,"column":5}},"9":{"start":{"line":23,"column":6},"end":{"line":23,"column":73}},"10":{"start":{"line":25,"column":4},"end":{"line":27,"column":5}},"11":{"start":{"line":26,"column":6},"end":{"line":26,"column":87}},"12":{"start":{"line":29,"column":4},"end":{"line":29,"column":35}},"13":{"start":{"line":33,"column":4},"end":{"line":35,"column":5}},"14":{"start":{"line":34,"column":6},"end":{"line":34,"column":18}},"15":{"start":{"line":36,"column":4},"end":{"line":38,"column":5}},"16":{"start":{"line":37,"column":6},"end":{"line":37,"column":18}},"17":{"start":{"line":39,"column":4},"end":{"line":41,"column":5}},"18":{"start":{"line":40,"column":6},"end":{"line":40,"column":18}},"19":{"start":{"line":42,"column":4},"end":{"line":44,"column":5}},"20":{"start":{"line":43,"column":6},"end":{"line":43,"column":18}},"21":{"start":{"line":45,"column":4},"end":{"line":47,"column":5}},"22":{"start":{"line":46,"column":6},"end":{"line":46,"column":18}},"23":{"start":{"line":48,"column":4},"end":{"line":50,"column":5}},"24":{"start":{"line":49,"column":6},"end":{"line":49,"column":18}},"25":{"start":{"line":51,"column":4},"end":{"line":53,"column":5}},"26":{"start":{"line":52,"column":6},"end":{"line":52,"column":18}},"27":{"start":{"line":54,"column":4},"end":{"line":56,"column":5}},"28":{"start":{"line":55,"column":6},"end":{"line":55,"column":18}},"29":{"start":{"line":57,"column":4},"end":{"line":57,"column":17}}},"fnMap":{"0":{"name":"(anonymous_0)","decl":{"start":{"line":4,"column":2},"end":{"line":4,"column":3}},"loc":{"start":{"line":4,"column":16},"end":{"line":9,"column":3}},"line":4},"1":{"name":"(anonymous_1)","decl":{"start":{"line":11,"column":2},"end":{"line":11,"column":3}},"loc":{"start":{"line":11,"column":14},"end":{"line":13,"column":3}},"line":11},"2":{"name":"(anonymous_2)","decl":{"start":{"line":15,"column":2},"end":{"line":15,"column":3}},"loc":{"start":{"line":15,"column":32},"end":{"line":30,"column":3}},"line":15},"3":{"name":"(anonymous_3)","decl":{"start":{"line":32,"column":2},"end":{"line":32,"column":3}},"loc":{"start":{"line":32,"column":19},"end":{"line":58,"column":3}},"line":32}},"branchMap":{"0":{"loc":{"start":{"line":19,"column":4},"end":{"line":21,"column":5}},"type":"if","locations":[{"start":{"line":19,"column":4},"end":{"line":21,"column":5}},{"start":{"line":19,"column":4},"end":{"line":21,"column":5}}],"line":19},"1":{"loc":{"start":{"line":22,"column":4},"end":{"line":24,"column":5}},"type":"if","locations":[{"start":{"line":22,"column":4},"end":{"line":24,"column":5}},{"start":{"line":22,"column":4},"end":{"line":24,"column":5}}],"line":22},"2":{"loc":{"start":{"line":22,"column":8},"end":{"line":22,"column":45}},"type":"binary-expr","locations":[{"start":{"line":22,"column":8},"end":{"line":22,"column":20}},{"start":{"line":22,"column":24},"end":{"line":22,"column":45}}],"line":22},"3":{"loc":{"start":{"line":25,"column":4},"end":{"line":27,"column":5}},"type":"if","locations":[{"start":{"line":25,"column":4},"end":{"line":27,"column":5}},{"start":{"line":25,"column":4},"end":{"line":27,"column":5}}],"line":25},"4":{"loc":{"start":{"line":33,"column":4},"end":{"line":35,"column":5}},"type":"if","locations":[{"start":{"line":33,"column":4},"end":{"line":35,"column":5}},{"start":{"line":33,"column":4},"end":{"line":35,"column":5}}],"line":33},"5":{"loc":{"start":{"line":33,"column":8},"end":{"line":33,"column":91}},"type":"binary-expr","locations":[{"start":{"line":33,"column":8},"end":{"line":33,"column":33}},{"start":{"line":33,"column":37},"end":{"line":33,"column":62}},{"start":{"line":33,"column":66},"end":{"line":33,"column":91}}],"line":33},"6":{"loc":{"start":{"line":36,"column":4},"end":{"line":38,"column":5}},"type":"if","locations":[{"start":{"line":36,"column":4},"end":{"line":38,"column":5}},{"start":{"line":36,"column":4},"end":{"line":38,"column":5}}],"line":36},"7":{"loc":{"start":{"line":36,"column":8},"end":{"line":36,"column":91}},"type":"binary-expr","locations":[{"start":{"line":36,"column":8},"end":{"line":36,"column":33}},{"start":{"line":36,"column":37},"end":{"line":36,"column":62}},{"start":{"line":36,"column":66},"end":{"line":36,"column":91}}],"line":36},"8":{"loc":{"start":{"line":39,"column":4},"end":{"line":41,"column":5}},"type":"if","locations":[{"start":{"line":39,"column":4},"end":{"line":41,"column":5}},{"start":{"line":39,"column":4},"end":{"line":41,"column":5}}],"line":39},"9":{"loc":{"start":{"line":39,"column":8},"end":{"line":39,"column":91}},"type":"binary-expr","locations":[{"start":{"line":39,"column":8},"end":{"line":39,"column":33}},{"start":{"line":39,"column":37},"end":{"line":39,"column":62}},{"start":{"line":39,"column":66},"end":{"line":39,"column":91}}],"line":39},"10":{"loc":{"start":{"line":42,"column":4},"end":{"line":44,"column":5}},"type":"if","locations":[{"start":{"line":42,"column":4},"end":{"line":44,"column":5}},{"start":{"line":42,"column":4},"end":{"line":44,"column":5}}],"line":42},"11":{"loc":{"start":{"line":42,"column":8},"end":{"line":42,"column":91}},"type":"binary-expr","locations":[{"start":{"line":42,"column":8},"end":{"line":42,"column":33}},{"start":{"line":42,"column":37},"end":{"line":42,"column":62}},{"start":{"line":42,"column":66},"end":{"line":42,"column":91}}],"line":42},"12":{"loc":{"start":{"line":45,"column":4},"end":{"line":47,"column":5}},"type":"if","locations":[{"start":{"line":45,"column":4},"end":{"line":47,"column":5}},{"start":{"line":45,"column":4},"end":{"line":47,"column":5}}],"line":45},"13":{"loc":{"start":{"line":45,"column":8},"end":{"line":45,"column":91}},"type":"binary-expr","locations":[{"start":{"line":45,"column":8},"end":{"line":45,"column":33}},{"start":{"line":45,"column":37},"end":{"line":45,"column":62}},{"start":{"line":45,"column":66},"end":{"line":45,"column":91}}],"line":45},"14":{"loc":{"start":{"line":48,"column":4},"end":{"line":50,"column":5}},"type":"if","locations":[{"start":{"line":48,"column":4},"end":{"line":50,"column":5}},{"start":{"line":48,"column":4},"end":{"line":50,"column":5}}],"line":48},"15":{"loc":{"start":{"line":48,"column":8},"end":{"line":48,"column":91}},"type":"binary-expr","locations":[{"start":{"line":48,"column":8},"end":{"line":48,"column":33}},{"start":{"line":48,"column":37},"end":{"line":48,"column":62}},{"start":{"line":48,"column":66},"end":{"line":48,"column":91}}],"line":48},"16":{"loc":{"start":{"line":51,"column":4},"end":{"line":53,"column":5}},"type":"if","locations":[{"start":{"line":51,"column":4},"end":{"line":53,"column":5}},{"start":{"line":51,"column":4},"end":{"line":53,"column":5}}],"line":51},"17":{"loc":{"start":{"line":51,"column":8},"end":{"line":51,"column":91}},"type":"binary-expr","locations":[{"start":{"line":51,"column":8},"end":{"line":51,"column":33}},{"start":{"line":51,"column":37},"end":{"line":51,"column":62}},{"start":{"line":51,"column":66},"end":{"line":51,"column":91}}],"line":51},"18":{"loc":{"start":{"line":54,"column":4},"end":{"line":56,"column":5}},"type":"if","locations":[{"start":{"line":54,"column":4},"end":{"line":56,"column":5}},{"start":{"line":54,"column":4},"end":{"line":56,"column":5}}],"line":54},"19":{"loc":{"start":{"line":54,"column":8},"end":{"line":54,"column":91}},"type":"binary-expr","locations":[{"start":{"line":54,"column":8},"end":{"line":54,"column":33}},{"start":{"line":54,"column":37},"end":{"line":54,"column":62}},{"start":{"line":54,"column":66},"end":{"line":54,"column":91}}],"line":54}},"s":{"0":3,"1":30,"2":30,"3":30,"4":270,"5":6,"6":53,"7":1,"8":52,"9":2,"10":50,"11":1,"12":49,"13":31,"14":3,"15":28,"16":1,"17":27,"18":1,"19":26,"20":1,"21":25,"22":1,"23":24,"24":1,"25":23,"26":1,"27":22,"28":1,"29":21},"f":{"0":30,"1":6,"2":53,"3":31},"b":{"0":[1,52],"1":[2,50],"2":[52,51],"3":[1,49],"4":[3,28],"5":[31,17,5],"6":[1,27],"7":[28,8,3],"8":[1,26],"9":[27,3,1],"10":[1,25],"11":[26,14,1],"12":[1,24],"13":[25,7,1],"14":[1,23],"15":[24,4,1],"16":[1,22],"17":[23,3,1],"18":[1,21],"19":[22,13,1]},"_coverageSchema":"43e27e138ebf9cfc5966b082cf9a028302ed4184","hash":"5f7f4090cf69a95c9a943b0005490624db3f8e6c"}
,"/home/justin/tic-tac-toe/domain/Engine.js": {"path":"/home/justin/tic-tac-toe/domain/Engine.js","statementMap":{"0":{"start":{"line":5,"column":4},"end":{"line":5,"column":30}},"1":{"start":{"line":6,"column":4},"end":{"line":6,"column":23}},"2":{"start":{"line":7,"column":4},"end":{"line":7,"column":25}},"3":{"start":{"line":8,"column":4},"end":{"line":8,"column":27}},"4":{"start":{"line":12,"column":4},"end":{"line":12,"column":29}},"5":{"start":{"line":16,"column":4},"end":{"line":18,"column":5}},"6":{"start":{"line":17,"column":6},"end":{"line":17,"column":65}},"7":{"start":{"line":19,"column":4},"end":{"line":21,"column":5}},"8":{"start":{"line":20,"column":6},"end":{"line":20,"column":60}},"9":{"start":{"line":22,"column":4},"end":{"line":22,"column":31}},"10":{"start":{"line":26,"column":4},"end":{"line":26,"column":34}},"11":{"start":{"line":30,"column":4},"end":{"line":32,"column":5}},"12":{"start":{"line":31,"column":6},"end":{"line":31,"column":47}},"13":{"start":{"line":34,"column":4},"end":{"line":36,"column":5}},"14":{"start":{"line":35,"column":6},"end":{"line":35,"column":31}},"15":{"start":{"line":38,"column":4},"end":{"line":38,"column":47}},"16":{"start":{"line":42,"column":4},"end":{"line":42,"column":26}},"17":{"start":{"line":46,"column":4},"end":{"line":48,"column":5}},"18":{"start":{"line":47,"column":6},"end":{"line":47,"column":63}},"19":{"start":{"line":50,"column":4},"end":{"line":52,"column":5}},"20":{"start":{"line":51,"column":6},"end":{"line":51,"column":62}},"21":{"start":{"line":54,"column":4},"end":{"line":56,"column":5}},"22":{"start":{"line":55,"column":6},"end":{"line":55,"column":59}},"23":{"start":{"line":58,"column":4},"end":{"line":58,"column":46}},"24":{"start":{"line":59,"column":4},"end":{"line":59,"column":54}},"25":{"start":{"line":61,"column":4},"end":{"line":63,"column":5}},"26":{"start":{"line":62,"column":6},"end":{"line":62,"column":28}},"27":{"start":{"line":67,"column":4},"end":{"line":69,"column":5}},"28":{"start":{"line":68,"column":6},"end":{"line":68,"column":15}},"29":{"start":{"line":71,"column":4},"end":{"line":71,"column":36}}},"fnMap":{"0":{"name":"(anonymous_0)","decl":{"start":{"line":4,"column":2},"end":{"line":4,"column":3}},"loc":{"start":{"line":4,"column":16},"end":{"line":9,"column":3}},"line":4},"1":{"name":"(anonymous_1)","decl":{"start":{"line":11,"column":2},"end":{"line":11,"column":3}},"loc":{"start":{"line":11,"column":14},"end":{"line":13,"column":3}},"line":11},"2":{"name":"(anonymous_2)","decl":{"start":{"line":15,"column":2},"end":{"line":15,"column":3}},"loc":{"start":{"line":15,"column":25},"end":{"line":23,"column":3}},"line":15},"3":{"name":"(anonymous_3)","decl":{"start":{"line":25,"column":2},"end":{"line":25,"column":3}},"loc":{"start":{"line":25,"column":16},"end":{"line":27,"column":3}},"line":25},"4":{"name":"(anonymous_4)","decl":{"start":{"line":29,"column":2},"end":{"line":29,"column":3}},"loc":{"start":{"line":29,"column":18},"end":{"line":39,"column":3}},"line":29},"5":{"name":"(anonymous_5)","decl":{"start":{"line":41,"column":2},"end":{"line":41,"column":3}},"loc":{"start":{"line":41,"column":17},"end":{"line":43,"column":3}},"line":41},"6":{"name":"(anonymous_6)","decl":{"start":{"line":45,"column":2},"end":{"line":45,"column":3}},"loc":{"start":{"line":45,"column":25},"end":{"line":64,"column":3}},"line":45},"7":{"name":"(anonymous_7)","decl":{"start":{"line":66,"column":2},"end":{"line":66,"column":3}},"loc":{"start":{"line":66,"column":24},"end":{"line":72,"column":3}},"line":66}},"branchMap":{"0":{"loc":{"start":{"line":16,"column":4},"end":{"line":18,"column":5}},"type":"if","locations":[{"start":{"line":16,"column":4},"end":{"line":18,"column":5}},{"start":{"line":16,"column":4},"end":{"line":18,"column":5}}],"line":16},"1":{"loc":{"start":{"line":19,"column":4},"end":{"line":21,"column":5}},"type":"if","locations":[{"start":{"line":19,"column":4},"end":{"line":21,"column":5}},{"start":{"line":19,"column":4},"end":{"line":21,"column":5}}],"line":19},"2":{"loc":{"start":{"line":30,"column":4},"end":{"line":32,"column":5}},"type":"if","locations":[{"start":{"line":30,"column":4},"end":{"line":32,"column":5}},{"start":{"line":30,"column":4},"end":{"line":32,"column":5}}],"line":30},"3":{"loc":{"start":{"line":34,"column":4},"end":{"line":36,"column":5}},"type":"if","locations":[{"start":{"line":34,"column":4},"end":{"line":36,"column":5}},{"start":{"line":34,"column":4},"end":{"line":36,"column":5}}],"line":34},"4":{"loc":{"start":{"line":46,"column":4},"end":{"line":48,"column":5}},"type":"if","locations":[{"start":{"line":46,"column":4},"end":{"line":48,"column":5}},{"start":{"line":46,"column":4},"end":{"line":48,"column":5}}],"line":46},"5":{"loc":{"start":{"line":50,"column":4},"end":{"line":52,"column":5}},"type":"if","locations":[{"start":{"line":50,"column":4},"end":{"line":52,"column":5}},{"start":{"line":50,"column":4},"end":{"line":52,"column":5}}],"line":50},"6":{"loc":{"start":{"line":54,"column":4},"end":{"line":56,"column":5}},"type":"if","locations":[{"start":{"line":54,"column":4},"end":{"line":56,"column":5}},{"start":{"line":54,"column":4},"end":{"line":56,"column":5}}],"line":54},"7":{"loc":{"start":{"line":61,"column":4},"end":{"line":63,"column":5}},"type":"if","locations":[{"start":{"line":61,"column":4},"end":{"line":63,"column":5}},{"start":{"line":61,"column":4},"end":{"line":63,"column":5}}],"line":61},"8":{"loc":{"start":{"line":67,"column":4},"end":{"line":69,"column":5}},"type":"if","locations":[{"start":{"line":67,"column":4},"end":{"line":69,"column":5}},{"start":{"line":67,"column":4},"end":{"line":69,"column":5}}],"line":67}},"s":{"0":16,"1":16,"2":16,"3":16,"4":4,"5":21,"6":1,"7":20,"8":1,"9":19,"10":57,"11":31,"12":1,"13":30,"14":18,"15":30,"16":29,"17":25,"18":1,"19":24,"20":1,"21":23,"22":1,"23":22,"24":22,"25":22,"26":2,"27":22,"28":9,"29":13},"f":{"0":16,"1":4,"2":21,"3":57,"4":31,"5":29,"6":25,"7":22},"b":{"0":[1,20],"1":[1,19],"2":[1,30],"3":[18,12],"4":[1,24],"5":[1,23],"6":[1,22],"7":[2,20],"8":[9,13]},"_coverageSchema":"43e27e138ebf9cfc5966b082cf9a028302ed4184","hash":"26d7a1fbee380c937b92efb75e779c20dbf8c53b"}
,"/home/justin/tic-tac-toe/view/ConsoleView.js": {"path":"/home/justin/tic-tac-toe/view/ConsoleView.js","statementMap":{"0":{"start":{"line":1,"column":15},"end":{"line":1,"column":16}},"1":{"start":{"line":2,"column":15},"end":{"line":2,"column":16}},"2":{"start":{"line":9,"column":23},"end":{"line":9,"column":27}},"3":{"start":{"line":10,"column":24},"end":{"line":10,"column":25}},"4":{"start":{"line":11,"column":24},"end":{"line":11,"column":25}},"5":{"start":{"line":12,"column":4},"end":{"line":25,"column":5}},"6":{"start":{"line":14,"column":6},"end":{"line":18,"column":7}},"7":{"start":{"line":15,"column":8},"end":{"line":15,"column":28}},"8":{"start":{"line":17,"column":8},"end":{"line":17,"column":29}},"9":{"start":{"line":19,"column":6},"end":{"line":19,"column":25}},"10":{"start":{"line":20,"column":6},"end":{"line":20,"column":26}},"11":{"start":{"line":21,"column":6},"end":{"line":24,"column":7}},"12":{"start":{"line":22,"column":8},"end":{"line":22,"column":26}},"13":{"start":{"line":23,"column":8},"end":{"line":23,"column":29}},"14":{"start":{"line":26,"column":4},"end":{"line":26,"column":30}}},"fnMap":{"0":{"name":"(anonymous_0)","decl":{"start":{"line":5,"column":2},"end":{"line":5,"column":3}},"loc":{"start":{"line":5,"column":16},"end":{"line":5,"column":18}},"line":5},"1":{"name":"(anonymous_1)","decl":{"start":{"line":7,"column":2},"end":{"line":7,"column":3}},"loc":{"start":{"line":7,"column":16},"end":{"line":27,"column":3}},"line":7}},"branchMap":{"0":{"loc":{"start":{"line":14,"column":6},"end":{"line":18,"column":7}},"type":"if","locations":[{"start":{"line":14,"column":6},"end":{"line":18,"column":7}},{"start":{"line":14,"column":6},"end":{"line":18,"column":7}}],"line":14},"1":{"loc":{"start":{"line":21,"column":6},"end":{"line":24,"column":7}},"type":"if","locations":[{"start":{"line":21,"column":6},"end":{"line":24,"column":7}},{"start":{"line":21,"column":6},"end":{"line":24,"column":7}}],"line":21}},"s":{"0":1,"1":1,"2":2,"3":2,"4":2,"5":2,"6":18,"7":14,"8":4,"9":18,"10":18,"11":18,"12":6,"13":6,"14":2},"f":{"0":2,"1":2},"b":{"0":[14,4],"1":[6,12]},"_coverageSchema":"43e27e138ebf9cfc5966b082cf9a028302ed4184","hash":"3e933b4d9a7cf25575fbfc00cb723f8ef5c34e21"}
}
