TN:
SF:/home/justin/tic-tac-toe/domain/Board.js
FN:4,(anonymous_0)
FN:11,(anonymous_1)
FN:15,(anonymous_2)
FN:32,(anonymous_3)
FNF:4
FNH:4
FNDA:29,(anonymous_0)
FNDA:5,(anonymous_1)
FNDA:49,(anonymous_2)
FNDA:27,(anonymous_3)
DA:1,3
DA:5,29
DA:6,29
DA:7,261
DA:12,5
DA:19,49
DA:20,1
DA:22,48
DA:23,2
DA:25,46
DA:26,1
DA:29,45
DA:33,27
DA:34,3
DA:36,24
DA:37,1
DA:39,23
DA:40,1
DA:42,22
DA:43,1
DA:45,21
DA:46,1
DA:48,20
DA:49,1
DA:51,19
DA:52,1
DA:54,18
DA:55,1
DA:57,17
LF:29
LH:29
BRDA:19,0,0,1
BRDA:19,0,1,48
BRDA:22,1,0,2
BRDA:22,1,1,46
BRDA:22,2,0,48
BRDA:22,2,1,47
BRDA:25,3,0,1
BRDA:25,3,1,45
BRDA:33,4,0,3
BRDA:33,4,1,24
BRDA:33,5,0,27
BRDA:33,5,1,15
BRDA:33,5,2,5
BRDA:36,6,0,1
BRDA:36,6,1,23
BRDA:36,7,0,24
BRDA:36,7,1,7
BRDA:36,7,2,3
BRDA:39,8,0,1
BRDA:39,8,1,22
BRDA:39,9,0,23
BRDA:39,9,1,3
BRDA:39,9,2,1
BRDA:42,10,0,1
BRDA:42,10,1,21
BRDA:42,11,0,22
BRDA:42,11,1,12
BRDA:42,11,2,1
BRDA:45,12,0,1
BRDA:45,12,1,20
BRDA:45,13,0,21
BRDA:45,13,1,5
BRDA:45,13,2,1
BRDA:48,14,0,1
BRDA:48,14,1,19
BRDA:48,15,0,20
BRDA:48,15,1,3
BRDA:48,15,2,1
BRDA:51,16,0,1
BRDA:51,16,1,18
BRDA:51,17,0,19
BRDA:51,17,1,2
BRDA:51,17,2,1
BRDA:54,18,0,1
BRDA:54,18,1,17
BRDA:54,19,0,18
BRDA:54,19,1,11
BRDA:54,19,2,1
BRF:48
BRH:48
end_of_record
TN:
SF:/home/justin/tic-tac-toe/domain/Engine.js
FN:4,(anonymous_0)
FN:11,(anonymous_1)
FN:15,(anonymous_2)
FN:25,(anonymous_3)
FN:29,(anonymous_4)
FN:41,(anonymous_5)
FN:45,(anonymous_6)
FN:66,(anonymous_7)
FNF:8
FNH:8
FNDA:15,(anonymous_0)
FNDA:3,(anonymous_1)
FNDA:19,(anonymous_2)
FNDA:49,(anonymous_3)
FNDA:27,(anonymous_4)
FNDA:25,(anonymous_5)
FNDA:21,(anonymous_6)
FNDA:18,(anonymous_7)
DA:5,15
DA:6,15
DA:7,15
DA:8,15
DA:12,3
DA:16,19
DA:17,1
DA:19,18
DA:20,1
DA:22,17
DA:26,49
DA:30,27
DA:31,1
DA:34,26
DA:35,16
DA:38,26
DA:42,25
DA:46,21
DA:47,1
DA:50,20
DA:51,1
DA:54,19
DA:55,1
DA:58,18
DA:59,18
DA:61,18
DA:62,2
DA:67,18
DA:68,7
DA:71,11
LF:30
LH:30
BRDA:16,0,0,1
BRDA:16,0,1,18
BRDA:19,1,0,1
BRDA:19,1,1,17
BRDA:30,2,0,1
BRDA:30,2,1,26
BRDA:34,3,0,16
BRDA:34,3,1,10
BRDA:46,4,0,1
BRDA:46,4,1,20
BRDA:50,5,0,1
BRDA:50,5,1,19
BRDA:54,6,0,1
BRDA:54,6,1,18
BRDA:61,7,0,2
BRDA:61,7,1,16
BRDA:67,8,0,7
BRDA:67,8,1,11
BRF:18
BRH:18
end_of_record
TN:
SF:/home/justin/tic-tac-toe/view/ConsoleView.js
FN:5,(anonymous_0)
FN:7,(anonymous_1)
FNF:2
FNH:2
FNDA:1,(anonymous_0)
FNDA:1,(anonymous_1)
DA:1,1
DA:2,1
DA:9,1
DA:10,1
DA:11,1
DA:12,1
DA:14,9
DA:15,9
DA:17,0
DA:19,9
DA:20,9
DA:21,9
DA:22,3
DA:23,3
DA:26,1
LF:15
LH:14
BRDA:14,0,0,9
BRDA:14,0,1,0
BRDA:21,1,0,3
BRDA:21,1,1,6
BRF:4
BRH:3
end_of_record
