TN:
SF:/home/justin/tic-tac-toe/domain/Board.js
FN:4,(anonymous_0)
FN:11,(anonymous_1)
FN:15,(anonymous_2)
FN:32,(anonymous_3)
FNF:4
FNH:4
FNDA:30,(anonymous_0)
FNDA:6,(anonymous_1)
FNDA:53,(anonymous_2)
FNDA:31,(anonymous_3)
DA:1,3
DA:5,30
DA:6,30
DA:7,270
DA:12,6
DA:19,53
DA:20,1
DA:22,52
DA:23,2
DA:25,50
DA:26,1
DA:29,49
DA:33,31
DA:34,3
DA:36,28
DA:37,1
DA:39,27
DA:40,1
DA:42,26
DA:43,1
DA:45,25
DA:46,1
DA:48,24
DA:49,1
DA:51,23
DA:52,1
DA:54,22
DA:55,1
DA:57,21
LF:29
LH:29
BRDA:19,0,0,1
BRDA:19,0,1,52
BRDA:22,1,0,2
BRDA:22,1,1,50
BRDA:22,2,0,52
BRDA:22,2,1,51
BRDA:25,3,0,1
BRDA:25,3,1,49
BRDA:33,4,0,3
BRDA:33,4,1,28
BRDA:33,5,0,31
BRDA:33,5,1,17
BRDA:33,5,2,5
BRDA:36,6,0,1
BRDA:36,6,1,27
BRDA:36,7,0,28
BRDA:36,7,1,8
BRDA:36,7,2,3
BRDA:39,8,0,1
BRDA:39,8,1,26
BRDA:39,9,0,27
BRDA:39,9,1,3
BRDA:39,9,2,1
BRDA:42,10,0,1
BRDA:42,10,1,25
BRDA:42,11,0,26
BRDA:42,11,1,14
BRDA:42,11,2,1
BRDA:45,12,0,1
BRDA:45,12,1,24
BRDA:45,13,0,25
BRDA:45,13,1,7
BRDA:45,13,2,1
BRDA:48,14,0,1
BRDA:48,14,1,23
BRDA:48,15,0,24
BRDA:48,15,1,4
BRDA:48,15,2,1
BRDA:51,16,0,1
BRDA:51,16,1,22
BRDA:51,17,0,23
BRDA:51,17,1,3
BRDA:51,17,2,1
BRDA:54,18,0,1
BRDA:54,18,1,21
BRDA:54,19,0,22
BRDA:54,19,1,13
BRDA:54,19,2,1
BRF:48
BRH:48
end_of_record
TN:
SF:/home/justin/tic-tac-toe/domain/Engine.js
FN:4,(anonymous_0)
FN:11,(anonymous_1)
FN:15,(anonymous_2)
FN:25,(anonymous_3)
FN:29,(anonymous_4)
FN:41,(anonymous_5)
FN:45,(anonymous_6)
FN:66,(anonymous_7)
FNF:8
FNH:8
FNDA:16,(anonymous_0)
FNDA:4,(anonymous_1)
FNDA:21,(anonymous_2)
FNDA:57,(anonymous_3)
FNDA:31,(anonymous_4)
FNDA:29,(anonymous_5)
FNDA:25,(anonymous_6)
FNDA:22,(anonymous_7)
DA:5,16
DA:6,16
DA:7,16
DA:8,16
DA:12,4
DA:16,21
DA:17,1
DA:19,20
DA:20,1
DA:22,19
DA:26,57
DA:30,31
DA:31,1
DA:34,30
DA:35,18
DA:38,30
DA:42,29
DA:46,25
DA:47,1
DA:50,24
DA:51,1
DA:54,23
DA:55,1
DA:58,22
DA:59,22
DA:61,22
DA:62,2
DA:67,22
DA:68,9
DA:71,13
LF:30
LH:30
BRDA:16,0,0,1
BRDA:16,0,1,20
BRDA:19,1,0,1
BRDA:19,1,1,19
BRDA:30,2,0,1
BRDA:30,2,1,30
BRDA:34,3,0,18
BRDA:34,3,1,12
BRDA:46,4,0,1
BRDA:46,4,1,24
BRDA:50,5,0,1
BRDA:50,5,1,23
BRDA:54,6,0,1
BRDA:54,6,1,22
BRDA:61,7,0,2
BRDA:61,7,1,20
BRDA:67,8,0,9
BRDA:67,8,1,13
BRF:18
BRH:18
end_of_record
TN:
SF:/home/justin/tic-tac-toe/view/ConsoleView.js
FN:5,(anonymous_0)
FN:7,(anonymous_1)
FNF:2
FNH:2
FNDA:2,(anonymous_0)
FNDA:2,(anonymous_1)
DA:1,1
DA:2,1
DA:9,2
DA:10,2
DA:11,2
DA:12,2
DA:14,18
DA:15,14
DA:17,4
DA:19,18
DA:20,18
DA:21,18
DA:22,6
DA:23,6
DA:26,2
LF:15
LH:15
BRDA:14,0,0,14
BRDA:14,0,1,4
BRDA:21,1,0,6
BRDA:21,1,1,12
BRF:4
BRH:4
end_of_record
